------------------------------------------------------------------------------------------------------------------------

[2026-04-08 01:30:33 #1 store] 
Database 'C:\Users\ozano\Desktop\BilClubs\server\db\bilclubs.odb' has been recovered (tr. 443-443)

[2026-04-08 01:30:33 #2 store] 
Database 'C:\Users\ozano\Desktop\BilClubs\server\db\bilclubs.odb' is opened by 25008@Ozan

[2026-04-08 01:30:33 #3 store] 
Configuration path: ?

[2026-04-08 01:30:33 #4 type] 
Type Club is not enhanced.

[2026-04-08 01:30:33 #5 type] 
Type Event is not enhanced.

[2026-04-08 01:30:33 #6 type] 
Type User is not enhanced.

[2026-04-08 01:30:33 #7 type] 
Type Discussion is not enhanced.

[2026-04-08 01:30:33 #8 type] 
Type Comment is not enhanced.

------------------------------------------------------------------------------------------------------------------------

[2026-04-08 01:34:08 #1 store] 
Database 'C:\Users\ozano\Desktop\BilClubs\server\db\bilclubs.odb' has been recovered (tr. 444-444)

[2026-04-08 01:34:08 #2 store] 
Database 'C:\Users\ozano\Desktop\BilClubs\server\db\bilclubs.odb' is opened by 24184@Ozan

[2026-04-08 01:34:08 #3 store] 
Configuration path: ?

[2026-04-08 01:34:08 #4 type] 
Type Club is not enhanced.

[2026-04-08 01:34:08 #5 type] 
Type Event is not enhanced.

[2026-04-08 01:34:08 #6 type] 
Type User is not enhanced.

[2026-04-08 01:34:08 #7 type] 
Type Discussion is not enhanced.

[2026-04-08 01:34:08 #8 type] 
Type Comment is not enhanced.

------------------------------------------------------------------------------------------------------------------------

[2026-04-08 01:40:37 #1 store] 
Database 'C:\Users\ozano\Desktop\BilClubs\server\db\bilclubs.odb' has been recovered (tr. 445-449)

[2026-04-08 01:40:37 #2 store] 
Database 'C:\Users\ozano\Desktop\BilClubs\server\db\bilclubs.odb' is opened by 23372@Ozan

[2026-04-08 01:40:37 #3 store] 
Configuration path: ?

[2026-04-08 01:40:37 #4 type] 
Type Club is not enhanced.

[2026-04-08 01:40:37 #5 type] 
Type Event is not enhanced.

[2026-04-08 01:40:37 #6 type] 
Type User is not enhanced.

[2026-04-08 01:40:37 #7 type] 
Type Discussion is not enhanced.

[2026-04-08 01:40:37 #8 type] 
Type Comment is not enhanced.

------------------------------------------------------------------------------------------------------------------------

[2026-04-08 01:53:12 #1 store] 
Database 'C:\Users\ozano\Desktop\BilClubs\server\db\bilclubs.odb' has been recovered (tr. 450-450)

[2026-04-08 01:53:12 #2 store] 
Database 'C:\Users\ozano\Desktop\BilClubs\server\db\bilclubs.odb' is opened by 26884@Ozan

[2026-04-08 01:53:12 #3 store] 
Configuration path: ?

[2026-04-08 01:53:12 #4 type] 
Type Club is not enhanced.

[2026-04-08 01:53:12 #5 type] 
Type Event is not enhanced.

[2026-04-08 01:53:12 #6 type] 
Type User is not enhanced.

[2026-04-08 01:53:12 #7 type] 
Type Discussion is not enhanced.

[2026-04-08 01:53:12 #8 type] 
Type Comment is not enhanced.

------------------------------------------------------------------------------------------------------------------------

[2026-04-08 01:55:24 #1 store] 
Database 'C:\Users\ozano\Desktop\BilClubs\server\db\bilclubs.odb' is opened by 22372@Ozan

[2026-04-08 01:55:24 #2 store] 
Configuration path: ?

[2026-04-08 01:55:24 #3 type] 
Type Club is not enhanced.

[2026-04-08 01:55:24 #4 type] 
Type Event is not enhanced.

[2026-04-08 01:55:24 #5 type] 
Type User is not enhanced.

[2026-04-08 01:55:24 #6 type] 
Type Discussion is not enhanced.

[2026-04-08 01:55:24 #7 type] 
Type Comment is not enhanced.

