------------------------------------------------------------------------------------------------------------------------

[2026-04-11 15:06:41 #1 store] 
Database 'C:\Users\nazli\Desktop\BilClubs\server\db\bilclubs.odb' has been recovered (tr. 574-574)

[2026-04-11 15:06:41 #2 store] 
Database 'C:\Users\nazli\Desktop\BilClubs\server\db\bilclubs.odb' is opened by 33084@LAPTOP-2FMELNRI

[2026-04-11 15:06:41 #3 store] 
Configuration path: ?

[2026-04-11 15:06:41 #4 type] 
Type Club is not enhanced.

[2026-04-11 15:06:41 #5 type] 
Type Event is not enhanced.

[2026-04-11 15:06:41 #6 type] 
Type User is not enhanced.

[2026-04-11 15:06:41 #7 type] 
Type Discussion is not enhanced.

[2026-04-11 15:06:41 #8 type] 
Type Comment is not enhanced.

------------------------------------------------------------------------------------------------------------------------

[2026-04-11 15:07:12 #1 store] 
Database 'C:\Users\nazli\Desktop\BilClubs\server\db\bilclubs.odb' has been recovered (tr. 575-575)

[2026-04-11 15:07:12 #2 store] 
Database 'C:\Users\nazli\Desktop\BilClubs\server\db\bilclubs.odb' is opened by 42528@LAPTOP-2FMELNRI

[2026-04-11 15:07:12 #3 store] 
Configuration path: ?

[2026-04-11 15:07:30 #4 store] 
Database 'C:\Users\nazli\Desktop\BilClubs\server\db\bilclubs.odb' is closed by 42528@LAPTOP-2FMELNRI

