------------------------------------------------------------------------------------------------------------------------

[2026-04-07 13:07:14 #1 store] 
Database 'C:\Users\ozano\Desktop\BilClubs\server\db\bilclubs.odb' has been recovered (tr. 247-247)

[2026-04-07 13:07:14 #2 store] 
Database 'C:\Users\ozano\Desktop\BilClubs\server\db\bilclubs.odb' is opened by 15524@Ozan

[2026-04-07 13:07:14 #3 store] 
Configuration path: ?

[2026-04-07 13:07:14 #4 type] 
Type User is not enhanced.

[2026-04-07 13:07:14 #5 type] 
Type Event is not enhanced.

[2026-04-07 13:07:14 #6 type] 
Type Club is not enhanced.

------------------------------------------------------------------------------------------------------------------------

[2026-04-07 13:12:18 #1 store] 
Database 'C:\Users\ozano\Desktop\BilClubs\server\db\bilclubs.odb' has been recovered (tr. 248-248)

[2026-04-07 13:12:18 #2 store] 
Database 'C:\Users\ozano\Desktop\BilClubs\server\db\bilclubs.odb' is opened by 19788@Ozan

[2026-04-07 13:12:18 #3 store] 
Configuration path: ?

[2026-04-07 13:12:19 #4 type] 
Type User is not enhanced.

[2026-04-07 13:12:19 #5 type] 
Type Event is not enhanced.

[2026-04-07 13:12:19 #6 type] 
Type Club is not enhanced.

------------------------------------------------------------------------------------------------------------------------

[2026-04-07 13:21:54 #1 store] 
Database 'C:\Users\ozano\Desktop\BilClubs\server\db\bilclubs.odb' has been recovered (tr. 249-253)

[2026-04-07 13:21:54 #2 store] 
Database 'C:\Users\ozano\Desktop\BilClubs\server\db\bilclubs.odb' is opened by 18288@Ozan

[2026-04-07 13:21:54 #3 store] 
Configuration path: ?

[2026-04-07 13:21:54 #4 type] 
Type User is not enhanced.

[2026-04-07 13:21:54 #5 type] 
Type Event is not enhanced.

[2026-04-07 13:21:54 #6 type] 
Type Club is not enhanced.

