------------------------------------------------------------------------------------------------------------------------

[2026-04-06 11:38:53 #1 store] 
Database 'C:\Users\nazli\Desktop\BilClubs\server\db\bilclubs.odb' has been recovered (tr. 10-236)

[2026-04-06 11:38:53 #2 store] 
Database 'C:\Users\nazli\Desktop\BilClubs\server\db\bilclubs.odb' is opened by 63496@LAPTOP-2FMELNRI

[2026-04-06 11:38:53 #3 store] 
Configuration path: ?

[2026-04-06 11:38:53 #4 type] 
Type User is not enhanced.

[2026-04-06 11:38:53 #5 type] 
Type Event is not enhanced.

[2026-04-06 11:38:53 #6 type] 
Type Club is not enhanced.

[2026-04-06 11:39:33 #7 store] 
Database 'C:\Users\nazli\Desktop\BilClubs\server\db\static.odb' is opened by 63496@LAPTOP-2FMELNRI

[2026-04-06 11:39:33 #8 store] 
Configuration path: ?

[2026-04-06 11:39:33 #9 type] 
Type Media is not enhanced.

------------------------------------------------------------------------------------------------------------------------

[2026-04-06 11:40:53 #1 store] 
Database 'C:\Users\nazli\Desktop\BilClubs\server\db\bilclubs.odb' has been recovered (tr. 237-238)

[2026-04-06 11:40:53 #2 store] 
Database 'C:\Users\nazli\Desktop\BilClubs\server\db\bilclubs.odb' is opened by 59428@LAPTOP-2FMELNRI

[2026-04-06 11:40:53 #3 store] 
Configuration path: ?

[2026-04-06 11:40:53 #4 type] 
Type User is not enhanced.

[2026-04-06 11:40:53 #5 type] 
Type Event is not enhanced.

[2026-04-06 11:40:53 #6 type] 
Type Club is not enhanced.

------------------------------------------------------------------------------------------------------------------------

[2026-04-06 11:46:05 #1 store] 
Database 'C:\Users\nazli\Desktop\BilClubs\server\db\bilclubs.odb' has been recovered (tr. 239-239)

[2026-04-06 11:46:05 #2 store] 
Database 'C:\Users\nazli\Desktop\BilClubs\server\db\bilclubs.odb' is opened by 3632@LAPTOP-2FMELNRI

[2026-04-06 11:46:05 #3 store] 
Configuration path: ?

[2026-04-06 11:46:05 #4 type] 
Type User is not enhanced.

[2026-04-06 11:46:05 #5 type] 
Type Event is not enhanced.

[2026-04-06 11:46:05 #6 type] 
Type Club is not enhanced.

------------------------------------------------------------------------------------------------------------------------

[2026-04-06 11:52:57 #1 store] 
Database 'C:\Users\nazli\Desktop\BilClubs\server\db\bilclubs.odb' has been recovered (tr. 240-240)

[2026-04-06 11:52:57 #2 store] 
Database 'C:\Users\nazli\Desktop\BilClubs\server\db\bilclubs.odb' is opened by 60108@LAPTOP-2FMELNRI

[2026-04-06 11:52:57 #3 store] 
Configuration path: ?

[2026-04-06 11:52:57 #4 type] 
Type User is not enhanced.

[2026-04-06 11:52:57 #5 type] 
Type Event is not enhanced.

[2026-04-06 11:52:57 #6 type] 
Type Club is not enhanced.

------------------------------------------------------------------------------------------------------------------------

[2026-04-06 11:54:45 #1 store] 
Database 'C:\Users\nazli\Desktop\BilClubs\server\db\bilclubs.odb' has been recovered (tr. 241-241)

[2026-04-06 11:54:46 #2 store] 
Database 'C:\Users\nazli\Desktop\BilClubs\server\db\bilclubs.odb' is opened by 71912@LAPTOP-2FMELNRI

[2026-04-06 11:54:46 #3 store] 
Configuration path: ?

[2026-04-06 11:54:46 #4 type] 
Type User is not enhanced.

[2026-04-06 11:54:46 #5 type] 
Type Event is not enhanced.

[2026-04-06 11:54:46 #6 type] 
Type Club is not enhanced.

